<?xml version="1.0" encoding="UTF-8"?>
<!-- Generated by org.testng.reporters.JUnitReportReporter -->
<testsuite hostname="Levon-Matevosyans-MacBookPro.local" name="TestCases.ResponseStatusCodeTest" tests="3" failures="0" timestamp="23 Jul 2017 18:22:19 GMT" time="0.162" errors="0">
  <testcase name="responseTermCountry" time="0.076" classname="TestCases.ResponseStatusCodeTest"/>
  <testcase name="responseTermCountryMedialimit" time="0.027" classname="TestCases.ResponseStatusCodeTest"/>
  <testcase name="responseTermCountryMedia" time="0.059" classname="TestCases.ResponseStatusCodeTest"/>
</testsuite> <!-- TestCases.ResponseStatusCodeTest -->
