<?xml version="1.0" encoding="UTF-8"?>
<!-- Generated by org.testng.reporters.JUnitReportReporter -->
<testsuite hostname="Levon-Matevosyans-MacBookPro.local" name="TestCases.LimitCountTest" tests="5" failures="0" timestamp="23 Jul 2017 18:22:19 GMT" time="0.516" errors="0">
  <testcase name="testLimit200" time="0.131" classname="TestCases.LimitCountTest"/>
  <testcase name="TestDefaultLimit" time="0.135" classname="TestCases.LimitCountTest"/>
  <testcase name="testLimitCount20" time="0.095" classname="TestCases.LimitCountTest"/>
  <testcase name="TestLimit0_Negative" time="0.090" classname="TestCases.LimitCountTest"/>
  <testcase name="testLimit1" time="0.065" classname="TestCases.LimitCountTest"/>
</testsuite> <!-- TestCases.LimitCountTest -->
