<?xml version="1.0" encoding="UTF-8"?>
<!-- Generated by org.testng.reporters.JUnitReportReporter -->
<testsuite hostname="Levon-Matevosyans-MacBookPro.local" name="TestCases.MediaTest" tests="11" failures="0" timestamp="23 Jul 2017 18:22:19 GMT" time="0.261" errors="0">
  <testcase name="testDefaultMovie" time="0.037" classname="TestCases.MediaTest"/>
  <testcase name="testEbookMedia" time="0.017" classname="TestCases.MediaTest"/>
  <testcase name="testPodCastMedia" time="0.017" classname="TestCases.MediaTest"/>
  <testcase name="testAudiobookMedia" time="0.028" classname="TestCases.MediaTest"/>
  <testcase name="testTvShowMedia" time="0.017" classname="TestCases.MediaTest"/>
  <testcase name="testDefaultMusicBand" time="0.026" classname="TestCases.MediaTest"/>
  <testcase name="testSoftwareMedia" time="0.026" classname="TestCases.MediaTest"/>
  <testcase name="testDefaultSong" time="0.032" classname="TestCases.MediaTest"/>
  <testcase name="testMovieMedia" time="0.019" classname="TestCases.MediaTest"/>
  <testcase name="testShortFilmMedia" time="0.025" classname="TestCases.MediaTest"/>
  <testcase name="testGenreBasedOnMedia" time="0.017" classname="TestCases.MediaTest"/>
</testsuite> <!-- TestCases.MediaTest -->
